19
100
150
203
308
320
321
328
336
359
373
407
436
446
449
463
476
482
484
499
526
548
564
574
584
598
610
614
617
622
654
673
675
680
710
721
735
779
787
792
803
845
876
889
901
938
1026
1079
1081
1086
1090
1093
1100
1183
1184
1187
1192
1213
1250
1264
1269
1297
1309
1339
1346
1352
1358
1383
1387
1427
1430
1439
1491
1539
1552
1582
1595
1639
1673
1693
1753
1757
1759
1781
1800
1820
1822
1847
1872
1880
1896
1941
1947
1956
1967
1992
2002
2035
2067
2081
2098
2115
2131
2132
2136
2188
2195
2202
2311
2312
2327
2393
2405
2423
2462
2464
2468
2476
2483
2488
2496
2502
2513
2526
2598
2612
2690
2701
2716
2751
2760
2768
2774
2802
2814
2821
2824
2826
2838
2905
2913
3007
3010
3018
3041
3051
3054
3055
3074
3092
3104
3108
3111
3129
3158
3162
3172
3177
3178
3181
3224
3227
3230
3271
3316
3318
3333
3348
3366
3399
3400
3402
3404
3416
3431
3468
3485
3520
3579
3620
3626
3670
3697
3706
3717
3720
3733
3763
3798
3814
3833
3846
3860
3863
3898
3910
3932
3949
3952
3966
3977
3981
3984
3997
4014
4027
4040
4049
4072
4097
4099
4132
4150
4163
4173
4192
4198
4293
4304
4342
4344
4353
4372
4373
4438
4456
4469
4499
4503
4513
4537
4542
4561
4582
4584
4597
4607
4621
4708
4811
4820
4868
4877
4882
4931
4937
4941
4948
4949
4965
4969
4980
4989
4990
5028
5042
5070
5108
5137
5140
5161
5171
5198
5261
5281
5289
5320
5323
5352
5384
5392
5411
5445
5451
5470
5471
5485
5493
5563
5570
5604
5618
5627
5682
5689
5701
5708
5718
5726
5737
5738
5751
5764
5769
5777
5788
5812
5827
5834
5839
5840
5858
5867
5886
5890
5908
5932
5993
6031
6050
6059
6092
6110
6128
6140
6143
6155
6156
6159
6165
6173
6176
6204
6212
6214
6225
6232
6254
6261
6290
6305
6311
6318
6322
6362
6379
6397
6401
6406
6420
6437
6464
6471
6474
6478
6506
6533
6554
6567
6573
6582
6592
6597
6642
6680
6699
6700
6709
6717
6751
6763
6777
6816
6823
6838
6843
6848
6866
6875
6879
6880
6884
6887
6973
6997
7134
7142
7146
7148
7153
7171
7208
7213
7241
7247
7259
7280
7308
7312
7330
7359
7457
7478
7549
7603
7614
7619
7652
7667
7668
7695
7751
7768
7778
7791
7796
7806
7839
7840
7858
7919
7959
7966
7967
7993
8032
8039
8062
8067
8093
8177
8195
8202
8223
8262
8293
8315
8323
8356
8358
8392
8396
8407
8412
8413
8416
8459
8478
8506
8520
8527
8557
8580
8582
8591
8623
8731
8767
8803
8824
8832
8874
8880
8885
8895
8921
8936
8945
8954
8958
8962
8987
8999
9034
9051
9099
9112
9119
9139
9145
9163
9236
9260
9268
9276
9301
9342
9343
9351
9355
9356
9388
9389
9400
9453
9455
9476
9479
9559
9562
9578
9600
9621
9626
9637
9645
9651
9667
9770
9827
9838
9849
9853
9854
9884
9914
9949
9969
9991
10019
10058
10064
10094
10112
10113
10154
10163
10212
10254
10293
10303
10331
10365
10373
10403
10472
10510
10553
10569
10620
10640
10642
10659
10682
10697
10702
10709
10769
10784
10788
10829
10836
10849
10906
10933
10944
10952
10959
11021
11032
11033
11065
11074
11078
11122
11124
11129
11202
11211
11236
11278
11301
11307
11312
11331
11351
11359
11362
11365
11386
11462
11480
11501
11560
11578
11591
11606
11635
11649
11668
11669
11704
11727
11750
11769
11791
11805
11809
11834
11836
11837
11855
11861
11878
11904
11911
11941
11958
11977
11981
12008
12013
12024
12036
12070
12110
12158
12183
12195
12208
12224
12227
12228
12238
12245
12299
12335
12343
12385
12391
12400
12426
12452
12491
12503
12514
12589
12592
12602
12618
12634
12657
12661
12715
12717
12723
12728
12738
12757
12759
12796
12797
12829
12847
12870
12908
12920
12946
12957
12969
13071
13078
13091
13094
13096
13117
13135
13152
13172
13207
13209
13212
13226
13229
13239
13248
13263
13288
13292
13296
13310
13322
13329
13347
13360
13399
13430
13459
13482
13504
13553
13579
13584
13593
13602
13618
13687
13701
13735
13775
13792
13798
13828
13831
13853
13884
13915
13922
13928
13962
13966
13986
13997
13998
14000
14002
14005
14032
14043
14067
14079
14087
14094
14096
14127
14138
14141
14150
14174
14200
14219
14232
14256
14284
14310
14322
14367
14378
14410
14414
14425
14427
14433
14436
14443
14511
14515
14520
14521
14538
14553
14561
14573
14575
14582
14599
14619
14639
14667
14698
14731
14746
14747
14802
14804
14820
14849
14859
14864
14878
14895
14923
14937
14944
14956
15026
15029
15148
15151
15157
15161
15185
15189
15190
15218
15228
15249
15279
15281
15301
15305
15307
15364
15383
15402
15412
15415
15428
15450
15465
15467
15475
15500
15509
15511
15517
15525
15526
15538
15541
15623
15653
15655
15656
15679
15688
15689
15691
15696
15737
15760
15792
15820
15825
15841
15842
15873
15907
15922
15934
15957
15969
15975
15987
16015
16017
16020
16027
16059
16063
16072
16078
16105
16109
16112
16117
16134
16146
16152
16162
16165
16169
16191
16250
16262
16300
16313
16316
16346
16360
16365
16473
16487
16523
16542
16579
16589
16590
16626
16643
16660
16730
16740
16756
16776
16777
16778
16788
16793
16830
16843
16854
16860
16867
16887
16896
16910
16936
16963
16969
16978
16985
16999
17005
17014
17030
17043
17055
17062
17066
17078
17089
17102
17131
17141
17148
17176
17186
17269
17292
17319
17341
17401
17434
17443
17457
17462
17464
17491
17512
17596
17627
17659
17662
17681
17691
17706
17726
17734
17756
17770
17774
17792
17828
17843
17861
17876
17900
17919
17930
17943
17965
18022
18038
18046
18082
18088
18090
18111
18134
18138
18139
18174
18202
18232
18245
18271
18297
18331
18364
18399
18411
18417
18422
18456
18510
18543
18575
18586
18614
18619
18638
18679
18684
18700
18729
18743
18744
18764
18765
18857
18866
18926
18935
18967
18987
19006
19030
19084
19090
19114
19126
19151
19166
19234
19236
19291
19306
19341
19347
19374
19406
19429
19430
19486
19494
19508
19562
19584
19630
19681
19744
19752
19800
19815
19848
19856
19884
19887
19901
19905
19907
19916
19943
19978
20026
20070
20080
20109
20113
20121
20129
20135
20150
20158
20167
20253
20271
20297
20298
20318
20328
20369
20371
20380
20386
20410
20415
20426
20556
20565
20632
20635
20636
20638
20661
20693
20763
20800
20804
20812
20818
20870
20896
20903
20907
20908
20912
20941
20957
20958
20961
20995
21082
21106
21147
21180
21190
21198
21239
21247
21250
21271
21296
21323
21338
21345
21355
21373
21417
21427
21450
21469
21480
21498
21508
21544
21603
21613
21632
21635
21661
21696
21710
21713
21734
21753
21759
21786
21803
21813
21820
21822
21833
21837
21847
21850
21855
21878
21910
21943
21951
22010
22033
22042
22081
22083
22088
22093
22115
22131
22187
22194
22199
22203
22213
22224
22283
22309
22345
22360
22370
22421
22427
22450
22503
22512
22521
22575
22580
22584
22586
22590
22596
22669
22716
22718
22734
22792
22817
22825
22832
22836
22856
22885
22937
22953
22962
22965
23001
23009
23038
23040
23042
23047
23058
23116
23149
23183
23185
23195
23201
23207
23214
23238
23257
23272
23283
23302
23326
23342
23343
23344
23377
23488
23520
23538
23542
23586
23590
23627
23632
23644
23646
23648
23654
23668
23718
23721
23735
23767
23772
23820
23826
23851
23853
23857
23876
23886
23926
23973
24003
24004
24025
24031
24188
24207
24225
24247
24291
24323
24329
24330
24402
24448
24463
24512
24526
24528
24552
24559
24575
24593
24616
24634
24641
24647
24655
24668
24706
24740
24778
24780
24789
24814
24829
24870
24873
24883
24901
24912
24923
24983
24992
25006
25028
25066
25133
25142
25150
25171
25179
25194
25234
25238
25244
25266
25267
25282
25307
25335
25346
25350
25356
25429
25444
25471
25509
25519
25521
25527
25568
25572
25644
25655
25662
25670
25679
25681
25703
25706
25724
25751
25763
25766
25769
25800
25806
25865
25916
26011
26067
26073
26076
26092
26110
26117
26143
26148
26192
26241
26253
26284
26302
26309
26310
26336
26341
26346
26354
26392
26398
26411
26422
26424
26426
26487
26501
26506
26541
26547
26633
26639
26643
26664
26705
26737
26751
26753
26762
26806
26816
26866
26974
27004
27020
27022
27029
27046
27079
27080
27115
27124
27143
27168
27171
27172
27189
27197
27214
27324
27344
27354
27360
27372
27377
27382
27436
27454
27469
27485
27541
27544
27555
27558
27560
27565
27568
27595
27606
27614
27615
27623
27640
27687
27702
27713
27717
27719
27775
27778
27794
27815
27817
27836
27856
27877
27879
27891
27904
27939
27965
27976
28008
28012
28020
28033
28048
28064
28094
28107
28141
28179
28209
28211
28216
28221
28227
28236
28261
28276
28279
28319
28334
28355
28365
28380
28381
28415
28428
28498
28517
28526
28535
28545
28585
28594
28595
28619
28658
28672
28679
28686
28708
28715
28716
28852
28854
28861
28909
28933
28936
28945
28961
28963
28964
29000
29003
29005
29009
29072
29074
29095
29099
29127
29179
29201
29219
29243
29275
29286
29300
29317
29338
29411
29435
29444
29457
29463
29469
29488
29511
29567
29576
29593
29662
29672
29687
29733
29773
29794
29816
29825
29841
29863
29888
29895
29906
29935
29961
29973
29994
